The system is: Linux - 5.15.0-1014-azure - x86_64
Compiling the C compiler identification source file "CMakeCCompilerId.c" succeeded.
Compiler: /home/runner/work/UTBotCpp-test-project/UTBotCpp-test-project/utbot-release-2022.7.3/utbot_distr/install/bin/clang 
Build flags: 
Id flags:  

The output was:
0


Compilation of the C compiler identification source "CMakeCCompilerId.c" produced "a.out"

The C compiler identification is Clang, found in "/home/runner/work/UTBotCpp-test-project/UTBotCpp-test-project/build/CMakeFiles/3.20.20210415-g743b5e8/CompilerIdC/a.out"

Compiling the CXX compiler identification source file "CMakeCXXCompilerId.cpp" succeeded.
Compiler: /home/runner/work/UTBotCpp-test-project/UTBotCpp-test-project/utbot-release-2022.7.3/utbot_distr/install/bin/clang++ 
Build flags: 
Id flags:  

The output was:
0


Compilation of the CXX compiler identification source "CMakeCXXCompilerId.cpp" produced "a.out"

The CXX compiler identification is Clang, found in "/home/runner/work/UTBotCpp-test-project/UTBotCpp-test-project/build/CMakeFiles/3.20.20210415-g743b5e8/CompilerIdCXX/a.out"

Detecting C compiler ABI info compiled with the following output:
Change Dir: /home/runner/work/UTBotCpp-test-project/UTBotCpp-test-project/build/CMakeFiles/CMakeTmp

Run Build Command(s):/home/runner/work/UTBotCpp-test-project/UTBotCpp-test-project/utbot-release-2022.7.3/utbot_distr/debs-install/usr/bin/make -f Makefile cmTC_d1e5a/fast && /home/runner/work/UTBotCpp-test-project/UTBotCpp-test-project/utbot-release-2022.7.3/utbot_distr/debs-install/usr/bin/make  -f CMakeFiles/cmTC_d1e5a.dir/build.make CMakeFiles/cmTC_d1e5a.dir/build
make[1]: Entering directory '/home/runner/work/UTBotCpp-test-project/UTBotCpp-test-project/build/CMakeFiles/CMakeTmp'
Building C object CMakeFiles/cmTC_d1e5a.dir/CMakeCCompilerABI.c.o
/home/runner/work/UTBotCpp-test-project/UTBotCpp-test-project/utbot-release-2022.7.3/utbot_distr/install/bin/clang   -v -MD -MT CMakeFiles/cmTC_d1e5a.dir/CMakeCCompilerABI.c.o -MF CMakeFiles/cmTC_d1e5a.dir/CMakeCCompilerABI.c.o.d -o CMakeFiles/cmTC_d1e5a.dir/CMakeCCompilerABI.c.o -c /home/runner/work/UTBotCpp-test-project/UTBotCpp-test-project/utbot-release-2022.7.3/utbot_distr/install/share/cmake-3.20/Modules/CMakeCCompilerABI.c
clang version 10.0.1 (https://github.com/llvm/llvm-project.git ef32c611aa214dea855364efd7ba451ec5ec3f74)
Target: x86_64-unknown-linux-gnu
Thread model: posix
InstalledDir: /home/runner/work/UTBotCpp-test-project/UTBotCpp-test-project/utbot-release-2022.7.3/utbot_distr/install/bin
Found candidate GCC installation: /usr/lib/gcc/x86_64-linux-gnu/10
Found candidate GCC installation: /usr/lib/gcc/x86_64-linux-gnu/9
Selected GCC installation: /usr/lib/gcc/x86_64-linux-gnu/10
Candidate multilib: .;@m64
Selected multilib: .;@m64
 (in-process)
 "/home/runner/work/UTBotCpp-test-project/UTBotCpp-test-project/utbot-release-2022.7.3/utbot_distr/install/bin/clang-10" -cc1 -triple x86_64-unknown-linux-gnu -emit-obj -mrelax-all -disable-free -disable-llvm-verifier -discard-value-names -main-file-name CMakeCCompilerABI.c -mrelocation-model static -mthread-model posix -mframe-pointer=all -fmath-errno -fno-rounding-math -masm-verbose -mconstructor-aliases -munwind-tables -target-cpu x86-64 -dwarf-column-info -fno-split-dwarf-inlining -debugger-tuning=gdb -v -resource-dir /home/runner/work/UTBotCpp-test-project/UTBotCpp-test-project/utbot-release-2022.7.3/utbot_distr/install/lib/clang/10.0.1 -dependency-file CMakeFiles/cmTC_d1e5a.dir/CMakeCCompilerABI.c.o.d -MT CMakeFiles/cmTC_d1e5a.dir/CMakeCCompilerABI.c.o -sys-header-deps -I/home/runner/work/UTBotCpp-test-project/UTBotCpp-test-project/utbot-release-2022.7.3/utbot_distr/debs-install/usr/lib/gcc/x86_64-linux-gnu/9/include -I/home/runner/work/UTBotCpp-test-project/UTBotCpp-test-project/utbot-release-2022.7.3/utbot_distr/debs-install/usr/local/include -I/home/runner/work/UTBotCpp-test-project/UTBotCpp-test-project/utbot-release-2022.7.3/utbot_distr/debs-install/usr/include/x86_64-linux-gnu -I/home/runner/work/UTBotCpp-test-project/UTBotCpp-test-project/utbot-release-2022.7.3/utbot_distr/debs-install/usr/include -I/home/runner/work/UTBotCpp-test-project/UTBotCpp-test-project/utbot-release-2022.7.3/utbot_distr/klee/include -I. -cxx-isystem /home/runner/work/UTBotCpp-test-project/UTBotCpp-test-project/utbot-release-2022.7.3/utbot_distr/debs-install/usr/include/c++/9 -cxx-isystem /home/runner/work/UTBotCpp-test-project/UTBotCpp-test-project/utbot-release-2022.7.3/utbot_distr/debs-install/usr/include/x86_64-linux-gnu/c++/9 -cxx-isystem /home/runner/work/UTBotCpp-test-project/UTBotCpp-test-project/utbot-release-2022.7.3/utbot_distr/debs-install/usr/include/c++/9/backward -cxx-isystem . -internal-isystem /usr/local/include -internal-isystem /home/runner/work/UTBotCpp-test-project/UTBotCpp-test-project/utbot-release-2022.7.3/utbot_distr/install/lib/clang/10.0.1/include -internal-externc-isystem /usr/include/x86_64-linux-gnu -internal-externc-isystem /include -internal-externc-isystem /usr/include -fdebug-compilation-dir /home/runner/work/UTBotCpp-test-project/UTBotCpp-test-project/build/CMakeFiles/CMakeTmp -ferror-limit 19 -fmessage-length 0 -fgnuc-version=4.2.1 -fobjc-runtime=gcc -fdiagnostics-show-option -faddrsig -o CMakeFiles/cmTC_d1e5a.dir/CMakeCCompilerABI.c.o -x c /home/runner/work/UTBotCpp-test-project/UTBotCpp-test-project/utbot-release-2022.7.3/utbot_distr/install/share/cmake-3.20/Modules/CMakeCCompilerABI.c
clang -cc1 version 10.0.1 based upon LLVM 10.0.1 default target x86_64-unknown-linux-gnu
ignoring nonexistent directory "/home/runner/work/UTBotCpp-test-project/UTBotCpp-test-project/utbot-release-2022.7.3/utbot_distr/debs-install/usr/local/include"
ignoring nonexistent directory "/include"
#include "..." search starts here:
#include <...> search starts here:
 /home/runner/work/UTBotCpp-test-project/UTBotCpp-test-project/utbot-release-2022.7.3/utbot_distr/debs-install/usr/lib/gcc/x86_64-linux-gnu/9/include
 /home/runner/work/UTBotCpp-test-project/UTBotCpp-test-project/utbot-release-2022.7.3/utbot_distr/debs-install/usr/include/x86_64-linux-gnu
 /home/runner/work/UTBotCpp-test-project/UTBotCpp-test-project/utbot-release-2022.7.3/utbot_distr/debs-install/usr/include
 /home/runner/work/UTBotCpp-test-project/UTBotCpp-test-project/utbot-release-2022.7.3/utbot_distr/klee/include
 .
 /usr/local/include
 /home/runner/work/UTBotCpp-test-project/UTBotCpp-test-project/utbot-release-2022.7.3/utbot_distr/install/lib/clang/10.0.1/include
 /usr/include/x86_64-linux-gnu
 /usr/include
End of search list.
Linking C executable cmTC_d1e5a
/home/runner/work/UTBotCpp-test-project/UTBotCpp-test-project/utbot-release-2022.7.3/utbot_distr/install/bin/cmake -E cmake_link_script CMakeFiles/cmTC_d1e5a.dir/link.txt --verbose=1
/home/runner/work/UTBotCpp-test-project/UTBotCpp-test-project/utbot-release-2022.7.3/utbot_distr/install/bin/clang -fuse-ld=gold -v CMakeFiles/cmTC_d1e5a.dir/CMakeCCompilerABI.c.o -o cmTC_d1e5a 
clang version 10.0.1 (https://github.com/llvm/llvm-project.git ef32c611aa214dea855364efd7ba451ec5ec3f74)
Target: x86_64-unknown-linux-gnu
Thread model: posix
InstalledDir: /home/runner/work/UTBotCpp-test-project/UTBotCpp-test-project/utbot-release-2022.7.3/utbot_distr/install/bin
Found candidate GCC installation: /usr/lib/gcc/x86_64-linux-gnu/10
Found candidate GCC installation: /usr/lib/gcc/x86_64-linux-gnu/9
Selected GCC installation: /usr/lib/gcc/x86_64-linux-gnu/10
Candidate multilib: .;@m64
Selected multilib: .;@m64
 "/home/runner/work/UTBotCpp-test-project/UTBotCpp-test-project/utbot-release-2022.7.3/utbot_distr/debs-install/usr/bin/ld.gold" -z relro --hash-style=gnu --eh-frame-hdr -m elf_x86_64 -dynamic-linker /lib64/ld-linux-x86-64.so.2 -o cmTC_d1e5a /usr/lib/gcc/x86_64-linux-gnu/10/../../../x86_64-linux-gnu/crt1.o /usr/lib/gcc/x86_64-linux-gnu/10/../../../x86_64-linux-gnu/crti.o /usr/lib/gcc/x86_64-linux-gnu/10/crtbegin.o -L/usr/lib/gcc/x86_64-linux-gnu/10 -L/usr/lib/gcc/x86_64-linux-gnu/10/../../../x86_64-linux-gnu -L/usr/lib/gcc/x86_64-linux-gnu/10/../../../../lib64 -L/lib/x86_64-linux-gnu -L/lib/../lib64 -L/usr/lib/x86_64-linux-gnu -L/usr/lib/../lib64 -L/usr/lib/x86_64-linux-gnu/../../lib64 -L/usr/lib/gcc/x86_64-linux-gnu/10/../../.. -L/home/runner/work/UTBotCpp-test-project/UTBotCpp-test-project/utbot-release-2022.7.3/utbot_distr/install/bin/../lib -L/lib -L/usr/lib CMakeFiles/cmTC_d1e5a.dir/CMakeCCompilerABI.c.o -lgcc --as-needed -lgcc_s --no-as-needed -lc -lgcc --as-needed -lgcc_s --no-as-needed /usr/lib/gcc/x86_64-linux-gnu/10/crtend.o /usr/lib/gcc/x86_64-linux-gnu/10/../../../x86_64-linux-gnu/crtn.o
make[1]: Leaving directory '/home/runner/work/UTBotCpp-test-project/UTBotCpp-test-project/build/CMakeFiles/CMakeTmp'



Parsed C implicit include dir info from above output: rv=done
  found start of include info
  found start of implicit include info
    add: [/home/runner/work/UTBotCpp-test-project/UTBotCpp-test-project/utbot-release-2022.7.3/utbot_distr/debs-install/usr/lib/gcc/x86_64-linux-gnu/9/include]
    add: [/home/runner/work/UTBotCpp-test-project/UTBotCpp-test-project/utbot-release-2022.7.3/utbot_distr/debs-install/usr/include/x86_64-linux-gnu]
    add: [/home/runner/work/UTBotCpp-test-project/UTBotCpp-test-project/utbot-release-2022.7.3/utbot_distr/debs-install/usr/include]
    add: [/home/runner/work/UTBotCpp-test-project/UTBotCpp-test-project/utbot-release-2022.7.3/utbot_distr/klee/include]
    add: [.]
    add: [/usr/local/include]
    add: [/home/runner/work/UTBotCpp-test-project/UTBotCpp-test-project/utbot-release-2022.7.3/utbot_distr/install/lib/clang/10.0.1/include]
    add: [/usr/include/x86_64-linux-gnu]
    add: [/usr/include]
  end of search list found
  collapse include dir [/home/runner/work/UTBotCpp-test-project/UTBotCpp-test-project/utbot-release-2022.7.3/utbot_distr/debs-install/usr/lib/gcc/x86_64-linux-gnu/9/include] ==> [/home/runner/work/UTBotCpp-test-project/UTBotCpp-test-project/utbot-release-2022.7.3/utbot_distr/debs-install/usr/lib/gcc/x86_64-linux-gnu/9/include]
  collapse include dir [/home/runner/work/UTBotCpp-test-project/UTBotCpp-test-project/utbot-release-2022.7.3/utbot_distr/debs-install/usr/include/x86_64-linux-gnu] ==> [/home/runner/work/UTBotCpp-test-project/UTBotCpp-test-project/utbot-release-2022.7.3/utbot_distr/debs-install/usr/include/x86_64-linux-gnu]
  collapse include dir [/home/runner/work/UTBotCpp-test-project/UTBotCpp-test-project/utbot-release-2022.7.3/utbot_distr/debs-install/usr/include] ==> [/home/runner/work/UTBotCpp-test-project/UTBotCpp-test-project/utbot-release-2022.7.3/utbot_distr/debs-install/usr/include]
  collapse include dir [/home/runner/work/UTBotCpp-test-project/UTBotCpp-test-project/utbot-release-2022.7.3/utbot_distr/klee/include] ==> [/home/runner/work/UTBotCpp-test-project/UTBotCpp-test-project/utbot-release-2022.7.3/utbot_distr/klee/include]
  skipping relative include dir [.]
  collapse include dir [/usr/local/include] ==> [/usr/local/include]
  collapse include dir [/home/runner/work/UTBotCpp-test-project/UTBotCpp-test-project/utbot-release-2022.7.3/utbot_distr/install/lib/clang/10.0.1/include] ==> [/home/runner/work/UTBotCpp-test-project/UTBotCpp-test-project/utbot-release-2022.7.3/utbot_distr/install/lib/clang/10.0.1/include]
  collapse include dir [/usr/include/x86_64-linux-gnu] ==> [/usr/include/x86_64-linux-gnu]
  collapse include dir [/usr/include] ==> [/usr/include]
  implicit include dirs: [/home/runner/work/UTBotCpp-test-project/UTBotCpp-test-project/utbot-release-2022.7.3/utbot_distr/debs-install/usr/lib/gcc/x86_64-linux-gnu/9/include;/home/runner/work/UTBotCpp-test-project/UTBotCpp-test-project/utbot-release-2022.7.3/utbot_distr/debs-install/usr/include/x86_64-linux-gnu;/home/runner/work/UTBotCpp-test-project/UTBotCpp-test-project/utbot-release-2022.7.3/utbot_distr/debs-install/usr/include;/home/runner/work/UTBotCpp-test-project/UTBotCpp-test-project/utbot-release-2022.7.3/utbot_distr/klee/include;/usr/local/include;/home/runner/work/UTBotCpp-test-project/UTBotCpp-test-project/utbot-release-2022.7.3/utbot_distr/install/lib/clang/10.0.1/include;/usr/include/x86_64-linux-gnu;/usr/include]


Parsed C implicit link information from above output:
  link line regex: [^( *|.*[/\])(ld|CMAKE_LINK_STARTFILE-NOTFOUND|([^/\]+-)?ld|collect2)[^/\]*( |$)]
  ignore line: [Change Dir: /home/runner/work/UTBotCpp-test-project/UTBotCpp-test-project/build/CMakeFiles/CMakeTmp]
  ignore line: []
  ignore line: [Run Build Command(s):/home/runner/work/UTBotCpp-test-project/UTBotCpp-test-project/utbot-release-2022.7.3/utbot_distr/debs-install/usr/bin/make -f Makefile cmTC_d1e5a/fast && /home/runner/work/UTBotCpp-test-project/UTBotCpp-test-project/utbot-release-2022.7.3/utbot_distr/debs-install/usr/bin/make  -f CMakeFiles/cmTC_d1e5a.dir/build.make CMakeFiles/cmTC_d1e5a.dir/build]
  ignore line: [make[1]: Entering directory '/home/runner/work/UTBotCpp-test-project/UTBotCpp-test-project/build/CMakeFiles/CMakeTmp']
  ignore line: [Building C object CMakeFiles/cmTC_d1e5a.dir/CMakeCCompilerABI.c.o]
  ignore line: [/home/runner/work/UTBotCpp-test-project/UTBotCpp-test-project/utbot-release-2022.7.3/utbot_distr/install/bin/clang   -v -MD -MT CMakeFiles/cmTC_d1e5a.dir/CMakeCCompilerABI.c.o -MF CMakeFiles/cmTC_d1e5a.dir/CMakeCCompilerABI.c.o.d -o CMakeFiles/cmTC_d1e5a.dir/CMakeCCompilerABI.c.o -c /home/runner/work/UTBotCpp-test-project/UTBotCpp-test-project/utbot-release-2022.7.3/utbot_distr/install/share/cmake-3.20/Modules/CMakeCCompilerABI.c]
  ignore line: [clang version 10.0.1 (https://github.com/llvm/llvm-project.git ef32c611aa214dea855364efd7ba451ec5ec3f74)]
  ignore line: [Target: x86_64-unknown-linux-gnu]
  ignore line: [Thread model: posix]
  ignore line: [InstalledDir: /home/runner/work/UTBotCpp-test-project/UTBotCpp-test-project/utbot-release-2022.7.3/utbot_distr/install/bin]
  ignore line: [Found candidate GCC installation: /usr/lib/gcc/x86_64-linux-gnu/10]
  ignore line: [Found candidate GCC installation: /usr/lib/gcc/x86_64-linux-gnu/9]
  ignore line: [Selected GCC installation: /usr/lib/gcc/x86_64-linux-gnu/10]
  ignore line: [Candidate multilib: .]
  ignore line: [@m64]
  ignore line: [Selected multilib: .]
  ignore line: [@m64]
  ignore line: [ (in-process)]
  ignore line: [ "/home/runner/work/UTBotCpp-test-project/UTBotCpp-test-project/utbot-release-2022.7.3/utbot_distr/install/bin/clang-10" -cc1 -triple x86_64-unknown-linux-gnu -emit-obj -mrelax-all -disable-free -disable-llvm-verifier -discard-value-names -main-file-name CMakeCCompilerABI.c -mrelocation-model static -mthread-model posix -mframe-pointer=all -fmath-errno -fno-rounding-math -masm-verbose -mconstructor-aliases -munwind-tables -target-cpu x86-64 -dwarf-column-info -fno-split-dwarf-inlining -debugger-tuning=gdb -v -resource-dir /home/runner/work/UTBotCpp-test-project/UTBotCpp-test-project/utbot-release-2022.7.3/utbot_distr/install/lib/clang/10.0.1 -dependency-file CMakeFiles/cmTC_d1e5a.dir/CMakeCCompilerABI.c.o.d -MT CMakeFiles/cmTC_d1e5a.dir/CMakeCCompilerABI.c.o -sys-header-deps -I/home/runner/work/UTBotCpp-test-project/UTBotCpp-test-project/utbot-release-2022.7.3/utbot_distr/debs-install/usr/lib/gcc/x86_64-linux-gnu/9/include -I/home/runner/work/UTBotCpp-test-project/UTBotCpp-test-project/utbot-release-2022.7.3/utbot_distr/debs-install/usr/local/include -I/home/runner/work/UTBotCpp-test-project/UTBotCpp-test-project/utbot-release-2022.7.3/utbot_distr/debs-install/usr/include/x86_64-linux-gnu -I/home/runner/work/UTBotCpp-test-project/UTBotCpp-test-project/utbot-release-2022.7.3/utbot_distr/debs-install/usr/include -I/home/runner/work/UTBotCpp-test-project/UTBotCpp-test-project/utbot-release-2022.7.3/utbot_distr/klee/include -I. -cxx-isystem /home/runner/work/UTBotCpp-test-project/UTBotCpp-test-project/utbot-release-2022.7.3/utbot_distr/debs-install/usr/include/c++/9 -cxx-isystem /home/runner/work/UTBotCpp-test-project/UTBotCpp-test-project/utbot-release-2022.7.3/utbot_distr/debs-install/usr/include/x86_64-linux-gnu/c++/9 -cxx-isystem /home/runner/work/UTBotCpp-test-project/UTBotCpp-test-project/utbot-release-2022.7.3/utbot_distr/debs-install/usr/include/c++/9/backward -cxx-isystem . -internal-isystem /usr/local/include -internal-isystem /home/runner/work/UTBotCpp-test-project/UTBotCpp-test-project/utbot-release-2022.7.3/utbot_distr/install/lib/clang/10.0.1/include -internal-externc-isystem /usr/include/x86_64-linux-gnu -internal-externc-isystem /include -internal-externc-isystem /usr/include -fdebug-compilation-dir /home/runner/work/UTBotCpp-test-project/UTBotCpp-test-project/build/CMakeFiles/CMakeTmp -ferror-limit 19 -fmessage-length 0 -fgnuc-version=4.2.1 -fobjc-runtime=gcc -fdiagnostics-show-option -faddrsig -o CMakeFiles/cmTC_d1e5a.dir/CMakeCCompilerABI.c.o -x c /home/runner/work/UTBotCpp-test-project/UTBotCpp-test-project/utbot-release-2022.7.3/utbot_distr/install/share/cmake-3.20/Modules/CMakeCCompilerABI.c]
  ignore line: [clang -cc1 version 10.0.1 based upon LLVM 10.0.1 default target x86_64-unknown-linux-gnu]
  ignore line: [ignoring nonexistent directory "/home/runner/work/UTBotCpp-test-project/UTBotCpp-test-project/utbot-release-2022.7.3/utbot_distr/debs-install/usr/local/include"]
  ignore line: [ignoring nonexistent directory "/include"]
  ignore line: [#include "..." search starts here:]
  ignore line: [#include <...> search starts here:]
  ignore line: [ /home/runner/work/UTBotCpp-test-project/UTBotCpp-test-project/utbot-release-2022.7.3/utbot_distr/debs-install/usr/lib/gcc/x86_64-linux-gnu/9/include]
  ignore line: [ /home/runner/work/UTBotCpp-test-project/UTBotCpp-test-project/utbot-release-2022.7.3/utbot_distr/debs-install/usr/include/x86_64-linux-gnu]
  ignore line: [ /home/runner/work/UTBotCpp-test-project/UTBotCpp-test-project/utbot-release-2022.7.3/utbot_distr/debs-install/usr/include]
  ignore line: [ /home/runner/work/UTBotCpp-test-project/UTBotCpp-test-project/utbot-release-2022.7.3/utbot_distr/klee/include]
  ignore line: [ .]
  ignore line: [ /usr/local/include]
  ignore line: [ /home/runner/work/UTBotCpp-test-project/UTBotCpp-test-project/utbot-release-2022.7.3/utbot_distr/install/lib/clang/10.0.1/include]
  ignore line: [ /usr/include/x86_64-linux-gnu]
  ignore line: [ /usr/include]
  ignore line: [End of search list.]
  ignore line: [Linking C executable cmTC_d1e5a]
  ignore line: [/home/runner/work/UTBotCpp-test-project/UTBotCpp-test-project/utbot-release-2022.7.3/utbot_distr/install/bin/cmake -E cmake_link_script CMakeFiles/cmTC_d1e5a.dir/link.txt --verbose=1]
  ignore line: [/home/runner/work/UTBotCpp-test-project/UTBotCpp-test-project/utbot-release-2022.7.3/utbot_distr/install/bin/clang -fuse-ld=gold -v CMakeFiles/cmTC_d1e5a.dir/CMakeCCompilerABI.c.o -o cmTC_d1e5a ]
  ignore line: [clang version 10.0.1 (https://github.com/llvm/llvm-project.git ef32c611aa214dea855364efd7ba451ec5ec3f74)]
  ignore line: [Target: x86_64-unknown-linux-gnu]
  ignore line: [Thread model: posix]
  ignore line: [InstalledDir: /home/runner/work/UTBotCpp-test-project/UTBotCpp-test-project/utbot-release-2022.7.3/utbot_distr/install/bin]
  ignore line: [Found candidate GCC installation: /usr/lib/gcc/x86_64-linux-gnu/10]
  ignore line: [Found candidate GCC installation: /usr/lib/gcc/x86_64-linux-gnu/9]
  ignore line: [Selected GCC installation: /usr/lib/gcc/x86_64-linux-gnu/10]
  ignore line: [Candidate multilib: .]
  ignore line: [@m64]
  ignore line: [Selected multilib: .]
  ignore line: [@m64]
  link line: [ "/home/runner/work/UTBotCpp-test-project/UTBotCpp-test-project/utbot-release-2022.7.3/utbot_distr/debs-install/usr/bin/ld.gold" -z relro --hash-style=gnu --eh-frame-hdr -m elf_x86_64 -dynamic-linker /lib64/ld-linux-x86-64.so.2 -o cmTC_d1e5a /usr/lib/gcc/x86_64-linux-gnu/10/../../../x86_64-linux-gnu/crt1.o /usr/lib/gcc/x86_64-linux-gnu/10/../../../x86_64-linux-gnu/crti.o /usr/lib/gcc/x86_64-linux-gnu/10/crtbegin.o -L/usr/lib/gcc/x86_64-linux-gnu/10 -L/usr/lib/gcc/x86_64-linux-gnu/10/../../../x86_64-linux-gnu -L/usr/lib/gcc/x86_64-linux-gnu/10/../../../../lib64 -L/lib/x86_64-linux-gnu -L/lib/../lib64 -L/usr/lib/x86_64-linux-gnu -L/usr/lib/../lib64 -L/usr/lib/x86_64-linux-gnu/../../lib64 -L/usr/lib/gcc/x86_64-linux-gnu/10/../../.. -L/home/runner/work/UTBotCpp-test-project/UTBotCpp-test-project/utbot-release-2022.7.3/utbot_distr/install/bin/../lib -L/lib -L/usr/lib CMakeFiles/cmTC_d1e5a.dir/CMakeCCompilerABI.c.o -lgcc --as-needed -lgcc_s --no-as-needed -lc -lgcc --as-needed -lgcc_s --no-as-needed /usr/lib/gcc/x86_64-linux-gnu/10/crtend.o /usr/lib/gcc/x86_64-linux-gnu/10/../../../x86_64-linux-gnu/crtn.o]
    arg [/home/runner/work/UTBotCpp-test-project/UTBotCpp-test-project/utbot-release-2022.7.3/utbot_distr/debs-install/usr/bin/ld.gold] ==> ignore
    arg [-zrelro] ==> ignore
    arg [--hash-style=gnu] ==> ignore
    arg [--eh-frame-hdr] ==> ignore
    arg [-m] ==> ignore
    arg [elf_x86_64] ==> ignore
    arg [-dynamic-linker] ==> ignore
    arg [/lib64/ld-linux-x86-64.so.2] ==> ignore
    arg [-o] ==> ignore
    arg [cmTC_d1e5a] ==> ignore
    arg [/usr/lib/gcc/x86_64-linux-gnu/10/../../../x86_64-linux-gnu/crt1.o] ==> obj [/usr/lib/gcc/x86_64-linux-gnu/10/../../../x86_64-linux-gnu/crt1.o]
    arg [/usr/lib/gcc/x86_64-linux-gnu/10/../../../x86_64-linux-gnu/crti.o] ==> obj [/usr/lib/gcc/x86_64-linux-gnu/10/../../../x86_64-linux-gnu/crti.o]
    arg [/usr/lib/gcc/x86_64-linux-gnu/10/crtbegin.o] ==> obj [/usr/lib/gcc/x86_64-linux-gnu/10/crtbegin.o]
    arg [-L/usr/lib/gcc/x86_64-linux-gnu/10] ==> dir [/usr/lib/gcc/x86_64-linux-gnu/10]
    arg [-L/usr/lib/gcc/x86_64-linux-gnu/10/../../../x86_64-linux-gnu] ==> dir [/usr/lib/gcc/x86_64-linux-gnu/10/../../../x86_64-linux-gnu]
    arg [-L/usr/lib/gcc/x86_64-linux-gnu/10/../../../../lib64] ==> dir [/usr/lib/gcc/x86_64-linux-gnu/10/../../../../lib64]
    arg [-L/lib/x86_64-linux-gnu] ==> dir [/lib/x86_64-linux-gnu]
    arg [-L/lib/../lib64] ==> dir [/lib/../lib64]
    arg [-L/usr/lib/x86_64-linux-gnu] ==> dir [/usr/lib/x86_64-linux-gnu]
    arg [-L/usr/lib/../lib64] ==> dir [/usr/lib/../lib64]
    arg [-L/usr/lib/x86_64-linux-gnu/../../lib64] ==> dir [/usr/lib/x86_64-linux-gnu/../../lib64]
    arg [-L/usr/lib/gcc/x86_64-linux-gnu/10/../../..] ==> dir [/usr/lib/gcc/x86_64-linux-gnu/10/../../..]
    arg [-L/home/runner/work/UTBotCpp-test-project/UTBotCpp-test-project/utbot-release-2022.7.3/utbot_distr/install/bin/../lib] ==> dir [/home/runner/work/UTBotCpp-test-project/UTBotCpp-test-project/utbot-release-2022.7.3/utbot_distr/install/bin/../lib]
    arg [-L/lib] ==> dir [/lib]
    arg [-L/usr/lib] ==> dir [/usr/lib]
    arg [CMakeFiles/cmTC_d1e5a.dir/CMakeCCompilerABI.c.o] ==> ignore
    arg [-lgcc] ==> lib [gcc]
    arg [--as-needed] ==> ignore
    arg [-lgcc_s] ==> lib [gcc_s]
    arg [--no-as-needed] ==> ignore
    arg [-lc] ==> lib [c]
    arg [-lgcc] ==> lib [gcc]
    arg [--as-needed] ==> ignore
    arg [-lgcc_s] ==> lib [gcc_s]
    arg [--no-as-needed] ==> ignore
    arg [/usr/lib/gcc/x86_64-linux-gnu/10/crtend.o] ==> obj [/usr/lib/gcc/x86_64-linux-gnu/10/crtend.o]
    arg [/usr/lib/gcc/x86_64-linux-gnu/10/../../../x86_64-linux-gnu/crtn.o] ==> obj [/usr/lib/gcc/x86_64-linux-gnu/10/../../../x86_64-linux-gnu/crtn.o]
  collapse obj [/usr/lib/gcc/x86_64-linux-gnu/10/../../../x86_64-linux-gnu/crt1.o] ==> [/usr/lib/x86_64-linux-gnu/crt1.o]
  collapse obj [/usr/lib/gcc/x86_64-linux-gnu/10/../../../x86_64-linux-gnu/crti.o] ==> [/usr/lib/x86_64-linux-gnu/crti.o]
  collapse obj [/usr/lib/gcc/x86_64-linux-gnu/10/../../../x86_64-linux-gnu/crtn.o] ==> [/usr/lib/x86_64-linux-gnu/crtn.o]
  collapse library dir [/usr/lib/gcc/x86_64-linux-gnu/10] ==> [/usr/lib/gcc/x86_64-linux-gnu/10]
  collapse library dir [/usr/lib/gcc/x86_64-linux-gnu/10/../../../x86_64-linux-gnu] ==> [/usr/lib/x86_64-linux-gnu]
  collapse library dir [/usr/lib/gcc/x86_64-linux-gnu/10/../../../../lib64] ==> [/usr/lib64]
  collapse library dir [/lib/x86_64-linux-gnu] ==> [/lib/x86_64-linux-gnu]
  collapse library dir [/lib/../lib64] ==> [/lib64]
  collapse library dir [/usr/lib/x86_64-linux-gnu] ==> [/usr/lib/x86_64-linux-gnu]
  collapse library dir [/usr/lib/../lib64] ==> [/usr/lib64]
  collapse library dir [/usr/lib/x86_64-linux-gnu/../../lib64] ==> [/usr/lib64]
  collapse library dir [/usr/lib/gcc/x86_64-linux-gnu/10/../../..] ==> [/usr/lib]
  collapse library dir [/home/runner/work/UTBotCpp-test-project/UTBotCpp-test-project/utbot-release-2022.7.3/utbot_distr/install/bin/../lib] ==> [/home/runner/work/UTBotCpp-test-project/UTBotCpp-test-project/utbot-release-2022.7.3/utbot_distr/install/lib]
  collapse library dir [/lib] ==> [/lib]
  collapse library dir [/usr/lib] ==> [/usr/lib]
  implicit libs: [gcc;gcc_s;c;gcc;gcc_s]
  implicit objs: [/usr/lib/x86_64-linux-gnu/crt1.o;/usr/lib/x86_64-linux-gnu/crti.o;/usr/lib/gcc/x86_64-linux-gnu/10/crtbegin.o;/usr/lib/gcc/x86_64-linux-gnu/10/crtend.o;/usr/lib/x86_64-linux-gnu/crtn.o]
  implicit dirs: [/usr/lib/gcc/x86_64-linux-gnu/10;/usr/lib/x86_64-linux-gnu;/usr/lib64;/lib/x86_64-linux-gnu;/lib64;/usr/lib;/home/runner/work/UTBotCpp-test-project/UTBotCpp-test-project/utbot-release-2022.7.3/utbot_distr/install/lib;/lib]
  implicit fwks: []


Detecting CXX compiler ABI info compiled with the following output:
Change Dir: /home/runner/work/UTBotCpp-test-project/UTBotCpp-test-project/build/CMakeFiles/CMakeTmp

Run Build Command(s):/home/runner/work/UTBotCpp-test-project/UTBotCpp-test-project/utbot-release-2022.7.3/utbot_distr/debs-install/usr/bin/make -f Makefile cmTC_2e99f/fast && /home/runner/work/UTBotCpp-test-project/UTBotCpp-test-project/utbot-release-2022.7.3/utbot_distr/debs-install/usr/bin/make  -f CMakeFiles/cmTC_2e99f.dir/build.make CMakeFiles/cmTC_2e99f.dir/build
make[1]: Entering directory '/home/runner/work/UTBotCpp-test-project/UTBotCpp-test-project/build/CMakeFiles/CMakeTmp'
Building CXX object CMakeFiles/cmTC_2e99f.dir/CMakeCXXCompilerABI.cpp.o
/home/runner/work/UTBotCpp-test-project/UTBotCpp-test-project/utbot-release-2022.7.3/utbot_distr/install/bin/clang++   -v -MD -MT CMakeFiles/cmTC_2e99f.dir/CMakeCXXCompilerABI.cpp.o -MF CMakeFiles/cmTC_2e99f.dir/CMakeCXXCompilerABI.cpp.o.d -o CMakeFiles/cmTC_2e99f.dir/CMakeCXXCompilerABI.cpp.o -c /home/runner/work/UTBotCpp-test-project/UTBotCpp-test-project/utbot-release-2022.7.3/utbot_distr/install/share/cmake-3.20/Modules/CMakeCXXCompilerABI.cpp
clang version 10.0.1 (https://github.com/llvm/llvm-project.git ef32c611aa214dea855364efd7ba451ec5ec3f74)
Target: x86_64-unknown-linux-gnu
Thread model: posix
InstalledDir: /home/runner/work/UTBotCpp-test-project/UTBotCpp-test-project/utbot-release-2022.7.3/utbot_distr/install/bin
Found candidate GCC installation: /usr/lib/gcc/x86_64-linux-gnu/10
Found candidate GCC installation: /usr/lib/gcc/x86_64-linux-gnu/9
Selected GCC installation: /usr/lib/gcc/x86_64-linux-gnu/10
Candidate multilib: .;@m64
Selected multilib: .;@m64
 (in-process)
 "/home/runner/work/UTBotCpp-test-project/UTBotCpp-test-project/utbot-release-2022.7.3/utbot_distr/install/bin/clang-10" -cc1 -triple x86_64-unknown-linux-gnu -emit-obj -mrelax-all -disable-free -disable-llvm-verifier -discard-value-names -main-file-name CMakeCXXCompilerABI.cpp -mrelocation-model static -mthread-model posix -mframe-pointer=all -fmath-errno -fno-rounding-math -masm-verbose -mconstructor-aliases -munwind-tables -target-cpu x86-64 -dwarf-column-info -fno-split-dwarf-inlining -debugger-tuning=gdb -v -resource-dir /home/runner/work/UTBotCpp-test-project/UTBotCpp-test-project/utbot-release-2022.7.3/utbot_distr/install/lib/clang/10.0.1 -dependency-file CMakeFiles/cmTC_2e99f.dir/CMakeCXXCompilerABI.cpp.o.d -MT CMakeFiles/cmTC_2e99f.dir/CMakeCXXCompilerABI.cpp.o -sys-header-deps -I/home/runner/work/UTBotCpp-test-project/UTBotCpp-test-project/utbot-release-2022.7.3/utbot_distr/debs-install/usr/lib/gcc/x86_64-linux-gnu/9/include -I/home/runner/work/UTBotCpp-test-project/UTBotCpp-test-project/utbot-release-2022.7.3/utbot_distr/debs-install/usr/local/include -I/home/runner/work/UTBotCpp-test-project/UTBotCpp-test-project/utbot-release-2022.7.3/utbot_distr/debs-install/usr/include/x86_64-linux-gnu -I/home/runner/work/UTBotCpp-test-project/UTBotCpp-test-project/utbot-release-2022.7.3/utbot_distr/debs-install/usr/include -I/home/runner/work/UTBotCpp-test-project/UTBotCpp-test-project/utbot-release-2022.7.3/utbot_distr/klee/include -I. -cxx-isystem /home/runner/work/UTBotCpp-test-project/UTBotCpp-test-project/utbot-release-2022.7.3/utbot_distr/debs-install/usr/include/c++/9 -cxx-isystem /home/runner/work/UTBotCpp-test-project/UTBotCpp-test-project/utbot-release-2022.7.3/utbot_distr/debs-install/usr/include/x86_64-linux-gnu/c++/9 -cxx-isystem /home/runner/work/UTBotCpp-test-project/UTBotCpp-test-project/utbot-release-2022.7.3/utbot_distr/debs-install/usr/include/c++/9/backward -cxx-isystem . -internal-isystem /usr/lib/gcc/x86_64-linux-gnu/10/../../../../include/c++/10 -internal-isystem /usr/lib/gcc/x86_64-linux-gnu/10/../../../../include/x86_64-linux-gnu/c++/10 -internal-isystem /usr/lib/gcc/x86_64-linux-gnu/10/../../../../include/x86_64-linux-gnu/c++/10 -internal-isystem /usr/lib/gcc/x86_64-linux-gnu/10/../../../../include/c++/10/backward -internal-isystem /usr/local/include -internal-isystem /home/runner/work/UTBotCpp-test-project/UTBotCpp-test-project/utbot-release-2022.7.3/utbot_distr/install/lib/clang/10.0.1/include -internal-externc-isystem /usr/include/x86_64-linux-gnu -internal-externc-isystem /include -internal-externc-isystem /usr/include -fdeprecated-macro -fdebug-compilation-dir /home/runner/work/UTBotCpp-test-project/UTBotCpp-test-project/build/CMakeFiles/CMakeTmp -ferror-limit 19 -fmessage-length 0 -fgnuc-version=4.2.1 -fobjc-runtime=gcc -fcxx-exceptions -fexceptions -fdiagnostics-show-option -faddrsig -o CMakeFiles/cmTC_2e99f.dir/CMakeCXXCompilerABI.cpp.o -x c++ /home/runner/work/UTBotCpp-test-project/UTBotCpp-test-project/utbot-release-2022.7.3/utbot_distr/install/share/cmake-3.20/Modules/CMakeCXXCompilerABI.cpp
clang -cc1 version 10.0.1 based upon LLVM 10.0.1 default target x86_64-unknown-linux-gnu
ignoring nonexistent directory "/home/runner/work/UTBotCpp-test-project/UTBotCpp-test-project/utbot-release-2022.7.3/utbot_distr/debs-install/usr/local/include"
ignoring nonexistent directory "/include"
ignoring duplicate directory "."
  as it is a non-system directory that duplicates a system directory
ignoring duplicate directory "/usr/lib/gcc/x86_64-linux-gnu/10/../../../../include/x86_64-linux-gnu/c++/10"
#include "..." search starts here:
#include <...> search starts here:
 /home/runner/work/UTBotCpp-test-project/UTBotCpp-test-project/utbot-release-2022.7.3/utbot_distr/debs-install/usr/lib/gcc/x86_64-linux-gnu/9/include
 /home/runner/work/UTBotCpp-test-project/UTBotCpp-test-project/utbot-release-2022.7.3/utbot_distr/debs-install/usr/include/x86_64-linux-gnu
 /home/runner/work/UTBotCpp-test-project/UTBotCpp-test-project/utbot-release-2022.7.3/utbot_distr/debs-install/usr/include
 /home/runner/work/UTBotCpp-test-project/UTBotCpp-test-project/utbot-release-2022.7.3/utbot_distr/klee/include
 /home/runner/work/UTBotCpp-test-project/UTBotCpp-test-project/utbot-release-2022.7.3/utbot_distr/debs-install/usr/include/c++/9
 /home/runner/work/UTBotCpp-test-project/UTBotCpp-test-project/utbot-release-2022.7.3/utbot_distr/debs-install/usr/include/x86_64-linux-gnu/c++/9
 /home/runner/work/UTBotCpp-test-project/UTBotCpp-test-project/utbot-release-2022.7.3/utbot_distr/debs-install/usr/include/c++/9/backward
 .
 /usr/lib/gcc/x86_64-linux-gnu/10/../../../../include/c++/10
 /usr/lib/gcc/x86_64-linux-gnu/10/../../../../include/x86_64-linux-gnu/c++/10
 /usr/lib/gcc/x86_64-linux-gnu/10/../../../../include/c++/10/backward
 /usr/local/include
 /home/runner/work/UTBotCpp-test-project/UTBotCpp-test-project/utbot-release-2022.7.3/utbot_distr/install/lib/clang/10.0.1/include
 /usr/include/x86_64-linux-gnu
 /usr/include
End of search list.
Linking CXX executable cmTC_2e99f
/home/runner/work/UTBotCpp-test-project/UTBotCpp-test-project/utbot-release-2022.7.3/utbot_distr/install/bin/cmake -E cmake_link_script CMakeFiles/cmTC_2e99f.dir/link.txt --verbose=1
/home/runner/work/UTBotCpp-test-project/UTBotCpp-test-project/utbot-release-2022.7.3/utbot_distr/install/bin/clang++ -fuse-ld=gold -v CMakeFiles/cmTC_2e99f.dir/CMakeCXXCompilerABI.cpp.o -o cmTC_2e99f 
clang version 10.0.1 (https://github.com/llvm/llvm-project.git ef32c611aa214dea855364efd7ba451ec5ec3f74)
Target: x86_64-unknown-linux-gnu
Thread model: posix
InstalledDir: /home/runner/work/UTBotCpp-test-project/UTBotCpp-test-project/utbot-release-2022.7.3/utbot_distr/install/bin
Found candidate GCC installation: /usr/lib/gcc/x86_64-linux-gnu/10
Found candidate GCC installation: /usr/lib/gcc/x86_64-linux-gnu/9
Selected GCC installation: /usr/lib/gcc/x86_64-linux-gnu/10
Candidate multilib: .;@m64
Selected multilib: .;@m64
 "/home/runner/work/UTBotCpp-test-project/UTBotCpp-test-project/utbot-release-2022.7.3/utbot_distr/debs-install/usr/bin/ld.gold" -z relro --hash-style=gnu --eh-frame-hdr -m elf_x86_64 -dynamic-linker /lib64/ld-linux-x86-64.so.2 -o cmTC_2e99f /usr/lib/gcc/x86_64-linux-gnu/10/../../../x86_64-linux-gnu/crt1.o /usr/lib/gcc/x86_64-linux-gnu/10/../../../x86_64-linux-gnu/crti.o /usr/lib/gcc/x86_64-linux-gnu/10/crtbegin.o -L/usr/lib/gcc/x86_64-linux-gnu/10 -L/usr/lib/gcc/x86_64-linux-gnu/10/../../../x86_64-linux-gnu -L/usr/lib/gcc/x86_64-linux-gnu/10/../../../../lib64 -L/lib/x86_64-linux-gnu -L/lib/../lib64 -L/usr/lib/x86_64-linux-gnu -L/usr/lib/../lib64 -L/usr/lib/x86_64-linux-gnu/../../lib64 -L/usr/lib/gcc/x86_64-linux-gnu/10/../../.. -L/home/runner/work/UTBotCpp-test-project/UTBotCpp-test-project/utbot-release-2022.7.3/utbot_distr/install/bin/../lib -L/lib -L/usr/lib CMakeFiles/cmTC_2e99f.dir/CMakeCXXCompilerABI.cpp.o -lstdc++ -lm -lgcc_s -lgcc -lc -lgcc_s -lgcc /usr/lib/gcc/x86_64-linux-gnu/10/crtend.o /usr/lib/gcc/x86_64-linux-gnu/10/../../../x86_64-linux-gnu/crtn.o
make[1]: Leaving directory '/home/runner/work/UTBotCpp-test-project/UTBotCpp-test-project/build/CMakeFiles/CMakeTmp'



Parsed CXX implicit include dir info from above output: rv=done
  found start of include info
  found start of implicit include info
    add: [/home/runner/work/UTBotCpp-test-project/UTBotCpp-test-project/utbot-release-2022.7.3/utbot_distr/debs-install/usr/lib/gcc/x86_64-linux-gnu/9/include]
    add: [/home/runner/work/UTBotCpp-test-project/UTBotCpp-test-project/utbot-release-2022.7.3/utbot_distr/debs-install/usr/include/x86_64-linux-gnu]
    add: [/home/runner/work/UTBotCpp-test-project/UTBotCpp-test-project/utbot-release-2022.7.3/utbot_distr/debs-install/usr/include]
    add: [/home/runner/work/UTBotCpp-test-project/UTBotCpp-test-project/utbot-release-2022.7.3/utbot_distr/klee/include]
    add: [/home/runner/work/UTBotCpp-test-project/UTBotCpp-test-project/utbot-release-2022.7.3/utbot_distr/debs-install/usr/include/c++/9]
    add: [/home/runner/work/UTBotCpp-test-project/UTBotCpp-test-project/utbot-release-2022.7.3/utbot_distr/debs-install/usr/include/x86_64-linux-gnu/c++/9]
    add: [/home/runner/work/UTBotCpp-test-project/UTBotCpp-test-project/utbot-release-2022.7.3/utbot_distr/debs-install/usr/include/c++/9/backward]
    add: [.]
    add: [/usr/lib/gcc/x86_64-linux-gnu/10/../../../../include/c++/10]
    add: [/usr/lib/gcc/x86_64-linux-gnu/10/../../../../include/x86_64-linux-gnu/c++/10]
    add: [/usr/lib/gcc/x86_64-linux-gnu/10/../../../../include/c++/10/backward]
    add: [/usr/local/include]
    add: [/home/runner/work/UTBotCpp-test-project/UTBotCpp-test-project/utbot-release-2022.7.3/utbot_distr/install/lib/clang/10.0.1/include]
    add: [/usr/include/x86_64-linux-gnu]
    add: [/usr/include]
  end of search list found
  collapse include dir [/home/runner/work/UTBotCpp-test-project/UTBotCpp-test-project/utbot-release-2022.7.3/utbot_distr/debs-install/usr/lib/gcc/x86_64-linux-gnu/9/include] ==> [/home/runner/work/UTBotCpp-test-project/UTBotCpp-test-project/utbot-release-2022.7.3/utbot_distr/debs-install/usr/lib/gcc/x86_64-linux-gnu/9/include]
  collapse include dir [/home/runner/work/UTBotCpp-test-project/UTBotCpp-test-project/utbot-release-2022.7.3/utbot_distr/debs-install/usr/include/x86_64-linux-gnu] ==> [/home/runner/work/UTBotCpp-test-project/UTBotCpp-test-project/utbot-release-2022.7.3/utbot_distr/debs-install/usr/include/x86_64-linux-gnu]
  collapse include dir [/home/runner/work/UTBotCpp-test-project/UTBotCpp-test-project/utbot-release-2022.7.3/utbot_distr/debs-install/usr/include] ==> [/home/runner/work/UTBotCpp-test-project/UTBotCpp-test-project/utbot-release-2022.7.3/utbot_distr/debs-install/usr/include]
  collapse include dir [/home/runner/work/UTBotCpp-test-project/UTBotCpp-test-project/utbot-release-2022.7.3/utbot_distr/klee/include] ==> [/home/runner/work/UTBotCpp-test-project/UTBotCpp-test-project/utbot-release-2022.7.3/utbot_distr/klee/include]
  collapse include dir [/home/runner/work/UTBotCpp-test-project/UTBotCpp-test-project/utbot-release-2022.7.3/utbot_distr/debs-install/usr/include/c++/9] ==> [/home/runner/work/UTBotCpp-test-project/UTBotCpp-test-project/utbot-release-2022.7.3/utbot_distr/debs-install/usr/include/c++/9]
  collapse include dir [/home/runner/work/UTBotCpp-test-project/UTBotCpp-test-project/utbot-release-2022.7.3/utbot_distr/debs-install/usr/include/x86_64-linux-gnu/c++/9] ==> [/home/runner/work/UTBotCpp-test-project/UTBotCpp-test-project/utbot-release-2022.7.3/utbot_distr/debs-install/usr/include/x86_64-linux-gnu/c++/9]
  collapse include dir [/home/runner/work/UTBotCpp-test-project/UTBotCpp-test-project/utbot-release-2022.7.3/utbot_distr/debs-install/usr/include/c++/9/backward] ==> [/home/runner/work/UTBotCpp-test-project/UTBotCpp-test-project/utbot-release-2022.7.3/utbot_distr/debs-install/usr/include/c++/9/backward]
  skipping relative include dir [.]
  collapse include dir [/usr/lib/gcc/x86_64-linux-gnu/10/../../../../include/c++/10] ==> [/usr/include/c++/10]
  collapse include dir [/usr/lib/gcc/x86_64-linux-gnu/10/../../../../include/x86_64-linux-gnu/c++/10] ==> [/usr/include/x86_64-linux-gnu/c++/10]
  collapse include dir [/usr/lib/gcc/x86_64-linux-gnu/10/../../../../include/c++/10/backward] ==> [/usr/include/c++/10/backward]
  collapse include dir [/usr/local/include] ==> [/usr/local/include]
  collapse include dir [/home/runner/work/UTBotCpp-test-project/UTBotCpp-test-project/utbot-release-2022.7.3/utbot_distr/install/lib/clang/10.0.1/include] ==> [/home/runner/work/UTBotCpp-test-project/UTBotCpp-test-project/utbot-release-2022.7.3/utbot_distr/install/lib/clang/10.0.1/include]
  collapse include dir [/usr/include/x86_64-linux-gnu] ==> [/usr/include/x86_64-linux-gnu]
  collapse include dir [/usr/include] ==> [/usr/include]
  implicit include dirs: [/home/runner/work/UTBotCpp-test-project/UTBotCpp-test-project/utbot-release-2022.7.3/utbot_distr/debs-install/usr/lib/gcc/x86_64-linux-gnu/9/include;/home/runner/work/UTBotCpp-test-project/UTBotCpp-test-project/utbot-release-2022.7.3/utbot_distr/debs-install/usr/include/x86_64-linux-gnu;/home/runner/work/UTBotCpp-test-project/UTBotCpp-test-project/utbot-release-2022.7.3/utbot_distr/debs-install/usr/include;/home/runner/work/UTBotCpp-test-project/UTBotCpp-test-project/utbot-release-2022.7.3/utbot_distr/klee/include;/home/runner/work/UTBotCpp-test-project/UTBotCpp-test-project/utbot-release-2022.7.3/utbot_distr/debs-install/usr/include/c++/9;/home/runner/work/UTBotCpp-test-project/UTBotCpp-test-project/utbot-release-2022.7.3/utbot_distr/debs-install/usr/include/x86_64-linux-gnu/c++/9;/home/runner/work/UTBotCpp-test-project/UTBotCpp-test-project/utbot-release-2022.7.3/utbot_distr/debs-install/usr/include/c++/9/backward;/usr/include/c++/10;/usr/include/x86_64-linux-gnu/c++/10;/usr/include/c++/10/backward;/usr/local/include;/home/runner/work/UTBotCpp-test-project/UTBotCpp-test-project/utbot-release-2022.7.3/utbot_distr/install/lib/clang/10.0.1/include;/usr/include/x86_64-linux-gnu;/usr/include]


Parsed CXX implicit link information from above output:
  link line regex: [^( *|.*[/\])(ld|CMAKE_LINK_STARTFILE-NOTFOUND|([^/\]+-)?ld|collect2)[^/\]*( |$)]
  ignore line: [Change Dir: /home/runner/work/UTBotCpp-test-project/UTBotCpp-test-project/build/CMakeFiles/CMakeTmp]
  ignore line: []
  ignore line: [Run Build Command(s):/home/runner/work/UTBotCpp-test-project/UTBotCpp-test-project/utbot-release-2022.7.3/utbot_distr/debs-install/usr/bin/make -f Makefile cmTC_2e99f/fast && /home/runner/work/UTBotCpp-test-project/UTBotCpp-test-project/utbot-release-2022.7.3/utbot_distr/debs-install/usr/bin/make  -f CMakeFiles/cmTC_2e99f.dir/build.make CMakeFiles/cmTC_2e99f.dir/build]
  ignore line: [make[1]: Entering directory '/home/runner/work/UTBotCpp-test-project/UTBotCpp-test-project/build/CMakeFiles/CMakeTmp']
  ignore line: [Building CXX object CMakeFiles/cmTC_2e99f.dir/CMakeCXXCompilerABI.cpp.o]
  ignore line: [/home/runner/work/UTBotCpp-test-project/UTBotCpp-test-project/utbot-release-2022.7.3/utbot_distr/install/bin/clang++   -v -MD -MT CMakeFiles/cmTC_2e99f.dir/CMakeCXXCompilerABI.cpp.o -MF CMakeFiles/cmTC_2e99f.dir/CMakeCXXCompilerABI.cpp.o.d -o CMakeFiles/cmTC_2e99f.dir/CMakeCXXCompilerABI.cpp.o -c /home/runner/work/UTBotCpp-test-project/UTBotCpp-test-project/utbot-release-2022.7.3/utbot_distr/install/share/cmake-3.20/Modules/CMakeCXXCompilerABI.cpp]
  ignore line: [clang version 10.0.1 (https://github.com/llvm/llvm-project.git ef32c611aa214dea855364efd7ba451ec5ec3f74)]
  ignore line: [Target: x86_64-unknown-linux-gnu]
  ignore line: [Thread model: posix]
  ignore line: [InstalledDir: /home/runner/work/UTBotCpp-test-project/UTBotCpp-test-project/utbot-release-2022.7.3/utbot_distr/install/bin]
  ignore line: [Found candidate GCC installation: /usr/lib/gcc/x86_64-linux-gnu/10]
  ignore line: [Found candidate GCC installation: /usr/lib/gcc/x86_64-linux-gnu/9]
  ignore line: [Selected GCC installation: /usr/lib/gcc/x86_64-linux-gnu/10]
  ignore line: [Candidate multilib: .]
  ignore line: [@m64]
  ignore line: [Selected multilib: .]
  ignore line: [@m64]
  ignore line: [ (in-process)]
  ignore line: [ "/home/runner/work/UTBotCpp-test-project/UTBotCpp-test-project/utbot-release-2022.7.3/utbot_distr/install/bin/clang-10" -cc1 -triple x86_64-unknown-linux-gnu -emit-obj -mrelax-all -disable-free -disable-llvm-verifier -discard-value-names -main-file-name CMakeCXXCompilerABI.cpp -mrelocation-model static -mthread-model posix -mframe-pointer=all -fmath-errno -fno-rounding-math -masm-verbose -mconstructor-aliases -munwind-tables -target-cpu x86-64 -dwarf-column-info -fno-split-dwarf-inlining -debugger-tuning=gdb -v -resource-dir /home/runner/work/UTBotCpp-test-project/UTBotCpp-test-project/utbot-release-2022.7.3/utbot_distr/install/lib/clang/10.0.1 -dependency-file CMakeFiles/cmTC_2e99f.dir/CMakeCXXCompilerABI.cpp.o.d -MT CMakeFiles/cmTC_2e99f.dir/CMakeCXXCompilerABI.cpp.o -sys-header-deps -I/home/runner/work/UTBotCpp-test-project/UTBotCpp-test-project/utbot-release-2022.7.3/utbot_distr/debs-install/usr/lib/gcc/x86_64-linux-gnu/9/include -I/home/runner/work/UTBotCpp-test-project/UTBotCpp-test-project/utbot-release-2022.7.3/utbot_distr/debs-install/usr/local/include -I/home/runner/work/UTBotCpp-test-project/UTBotCpp-test-project/utbot-release-2022.7.3/utbot_distr/debs-install/usr/include/x86_64-linux-gnu -I/home/runner/work/UTBotCpp-test-project/UTBotCpp-test-project/utbot-release-2022.7.3/utbot_distr/debs-install/usr/include -I/home/runner/work/UTBotCpp-test-project/UTBotCpp-test-project/utbot-release-2022.7.3/utbot_distr/klee/include -I. -cxx-isystem /home/runner/work/UTBotCpp-test-project/UTBotCpp-test-project/utbot-release-2022.7.3/utbot_distr/debs-install/usr/include/c++/9 -cxx-isystem /home/runner/work/UTBotCpp-test-project/UTBotCpp-test-project/utbot-release-2022.7.3/utbot_distr/debs-install/usr/include/x86_64-linux-gnu/c++/9 -cxx-isystem /home/runner/work/UTBotCpp-test-project/UTBotCpp-test-project/utbot-release-2022.7.3/utbot_distr/debs-install/usr/include/c++/9/backward -cxx-isystem . -internal-isystem /usr/lib/gcc/x86_64-linux-gnu/10/../../../../include/c++/10 -internal-isystem /usr/lib/gcc/x86_64-linux-gnu/10/../../../../include/x86_64-linux-gnu/c++/10 -internal-isystem /usr/lib/gcc/x86_64-linux-gnu/10/../../../../include/x86_64-linux-gnu/c++/10 -internal-isystem /usr/lib/gcc/x86_64-linux-gnu/10/../../../../include/c++/10/backward -internal-isystem /usr/local/include -internal-isystem /home/runner/work/UTBotCpp-test-project/UTBotCpp-test-project/utbot-release-2022.7.3/utbot_distr/install/lib/clang/10.0.1/include -internal-externc-isystem /usr/include/x86_64-linux-gnu -internal-externc-isystem /include -internal-externc-isystem /usr/include -fdeprecated-macro -fdebug-compilation-dir /home/runner/work/UTBotCpp-test-project/UTBotCpp-test-project/build/CMakeFiles/CMakeTmp -ferror-limit 19 -fmessage-length 0 -fgnuc-version=4.2.1 -fobjc-runtime=gcc -fcxx-exceptions -fexceptions -fdiagnostics-show-option -faddrsig -o CMakeFiles/cmTC_2e99f.dir/CMakeCXXCompilerABI.cpp.o -x c++ /home/runner/work/UTBotCpp-test-project/UTBotCpp-test-project/utbot-release-2022.7.3/utbot_distr/install/share/cmake-3.20/Modules/CMakeCXXCompilerABI.cpp]
  ignore line: [clang -cc1 version 10.0.1 based upon LLVM 10.0.1 default target x86_64-unknown-linux-gnu]
  ignore line: [ignoring nonexistent directory "/home/runner/work/UTBotCpp-test-project/UTBotCpp-test-project/utbot-release-2022.7.3/utbot_distr/debs-install/usr/local/include"]
  ignore line: [ignoring nonexistent directory "/include"]
  ignore line: [ignoring duplicate directory "."]
  ignore line: [  as it is a non-system directory that duplicates a system directory]
  ignore line: [ignoring duplicate directory "/usr/lib/gcc/x86_64-linux-gnu/10/../../../../include/x86_64-linux-gnu/c++/10"]
  ignore line: [#include "..." search starts here:]
  ignore line: [#include <...> search starts here:]
  ignore line: [ /home/runner/work/UTBotCpp-test-project/UTBotCpp-test-project/utbot-release-2022.7.3/utbot_distr/debs-install/usr/lib/gcc/x86_64-linux-gnu/9/include]
  ignore line: [ /home/runner/work/UTBotCpp-test-project/UTBotCpp-test-project/utbot-release-2022.7.3/utbot_distr/debs-install/usr/include/x86_64-linux-gnu]
  ignore line: [ /home/runner/work/UTBotCpp-test-project/UTBotCpp-test-project/utbot-release-2022.7.3/utbot_distr/debs-install/usr/include]
  ignore line: [ /home/runner/work/UTBotCpp-test-project/UTBotCpp-test-project/utbot-release-2022.7.3/utbot_distr/klee/include]
  ignore line: [ /home/runner/work/UTBotCpp-test-project/UTBotCpp-test-project/utbot-release-2022.7.3/utbot_distr/debs-install/usr/include/c++/9]
  ignore line: [ /home/runner/work/UTBotCpp-test-project/UTBotCpp-test-project/utbot-release-2022.7.3/utbot_distr/debs-install/usr/include/x86_64-linux-gnu/c++/9]
  ignore line: [ /home/runner/work/UTBotCpp-test-project/UTBotCpp-test-project/utbot-release-2022.7.3/utbot_distr/debs-install/usr/include/c++/9/backward]
  ignore line: [ .]
  ignore line: [ /usr/lib/gcc/x86_64-linux-gnu/10/../../../../include/c++/10]
  ignore line: [ /usr/lib/gcc/x86_64-linux-gnu/10/../../../../include/x86_64-linux-gnu/c++/10]
  ignore line: [ /usr/lib/gcc/x86_64-linux-gnu/10/../../../../include/c++/10/backward]
  ignore line: [ /usr/local/include]
  ignore line: [ /home/runner/work/UTBotCpp-test-project/UTBotCpp-test-project/utbot-release-2022.7.3/utbot_distr/install/lib/clang/10.0.1/include]
  ignore line: [ /usr/include/x86_64-linux-gnu]
  ignore line: [ /usr/include]
  ignore line: [End of search list.]
  ignore line: [Linking CXX executable cmTC_2e99f]
  ignore line: [/home/runner/work/UTBotCpp-test-project/UTBotCpp-test-project/utbot-release-2022.7.3/utbot_distr/install/bin/cmake -E cmake_link_script CMakeFiles/cmTC_2e99f.dir/link.txt --verbose=1]
  ignore line: [/home/runner/work/UTBotCpp-test-project/UTBotCpp-test-project/utbot-release-2022.7.3/utbot_distr/install/bin/clang++ -fuse-ld=gold -v CMakeFiles/cmTC_2e99f.dir/CMakeCXXCompilerABI.cpp.o -o cmTC_2e99f ]
  ignore line: [clang version 10.0.1 (https://github.com/llvm/llvm-project.git ef32c611aa214dea855364efd7ba451ec5ec3f74)]
  ignore line: [Target: x86_64-unknown-linux-gnu]
  ignore line: [Thread model: posix]
  ignore line: [InstalledDir: /home/runner/work/UTBotCpp-test-project/UTBotCpp-test-project/utbot-release-2022.7.3/utbot_distr/install/bin]
  ignore line: [Found candidate GCC installation: /usr/lib/gcc/x86_64-linux-gnu/10]
  ignore line: [Found candidate GCC installation: /usr/lib/gcc/x86_64-linux-gnu/9]
  ignore line: [Selected GCC installation: /usr/lib/gcc/x86_64-linux-gnu/10]
  ignore line: [Candidate multilib: .]
  ignore line: [@m64]
  ignore line: [Selected multilib: .]
  ignore line: [@m64]
  link line: [ "/home/runner/work/UTBotCpp-test-project/UTBotCpp-test-project/utbot-release-2022.7.3/utbot_distr/debs-install/usr/bin/ld.gold" -z relro --hash-style=gnu --eh-frame-hdr -m elf_x86_64 -dynamic-linker /lib64/ld-linux-x86-64.so.2 -o cmTC_2e99f /usr/lib/gcc/x86_64-linux-gnu/10/../../../x86_64-linux-gnu/crt1.o /usr/lib/gcc/x86_64-linux-gnu/10/../../../x86_64-linux-gnu/crti.o /usr/lib/gcc/x86_64-linux-gnu/10/crtbegin.o -L/usr/lib/gcc/x86_64-linux-gnu/10 -L/usr/lib/gcc/x86_64-linux-gnu/10/../../../x86_64-linux-gnu -L/usr/lib/gcc/x86_64-linux-gnu/10/../../../../lib64 -L/lib/x86_64-linux-gnu -L/lib/../lib64 -L/usr/lib/x86_64-linux-gnu -L/usr/lib/../lib64 -L/usr/lib/x86_64-linux-gnu/../../lib64 -L/usr/lib/gcc/x86_64-linux-gnu/10/../../.. -L/home/runner/work/UTBotCpp-test-project/UTBotCpp-test-project/utbot-release-2022.7.3/utbot_distr/install/bin/../lib -L/lib -L/usr/lib CMakeFiles/cmTC_2e99f.dir/CMakeCXXCompilerABI.cpp.o -lstdc++ -lm -lgcc_s -lgcc -lc -lgcc_s -lgcc /usr/lib/gcc/x86_64-linux-gnu/10/crtend.o /usr/lib/gcc/x86_64-linux-gnu/10/../../../x86_64-linux-gnu/crtn.o]
    arg [/home/runner/work/UTBotCpp-test-project/UTBotCpp-test-project/utbot-release-2022.7.3/utbot_distr/debs-install/usr/bin/ld.gold] ==> ignore
    arg [-zrelro] ==> ignore
    arg [--hash-style=gnu] ==> ignore
    arg [--eh-frame-hdr] ==> ignore
    arg [-m] ==> ignore
    arg [elf_x86_64] ==> ignore
    arg [-dynamic-linker] ==> ignore
    arg [/lib64/ld-linux-x86-64.so.2] ==> ignore
    arg [-o] ==> ignore
    arg [cmTC_2e99f] ==> ignore
    arg [/usr/lib/gcc/x86_64-linux-gnu/10/../../../x86_64-linux-gnu/crt1.o] ==> obj [/usr/lib/gcc/x86_64-linux-gnu/10/../../../x86_64-linux-gnu/crt1.o]
    arg [/usr/lib/gcc/x86_64-linux-gnu/10/../../../x86_64-linux-gnu/crti.o] ==> obj [/usr/lib/gcc/x86_64-linux-gnu/10/../../../x86_64-linux-gnu/crti.o]
    arg [/usr/lib/gcc/x86_64-linux-gnu/10/crtbegin.o] ==> obj [/usr/lib/gcc/x86_64-linux-gnu/10/crtbegin.o]
    arg [-L/usr/lib/gcc/x86_64-linux-gnu/10] ==> dir [/usr/lib/gcc/x86_64-linux-gnu/10]
    arg [-L/usr/lib/gcc/x86_64-linux-gnu/10/../../../x86_64-linux-gnu] ==> dir [/usr/lib/gcc/x86_64-linux-gnu/10/../../../x86_64-linux-gnu]
    arg [-L/usr/lib/gcc/x86_64-linux-gnu/10/../../../../lib64] ==> dir [/usr/lib/gcc/x86_64-linux-gnu/10/../../../../lib64]
    arg [-L/lib/x86_64-linux-gnu] ==> dir [/lib/x86_64-linux-gnu]
    arg [-L/lib/../lib64] ==> dir [/lib/../lib64]
    arg [-L/usr/lib/x86_64-linux-gnu] ==> dir [/usr/lib/x86_64-linux-gnu]
    arg [-L/usr/lib/../lib64] ==> dir [/usr/lib/../lib64]
    arg [-L/usr/lib/x86_64-linux-gnu/../../lib64] ==> dir [/usr/lib/x86_64-linux-gnu/../../lib64]
    arg [-L/usr/lib/gcc/x86_64-linux-gnu/10/../../..] ==> dir [/usr/lib/gcc/x86_64-linux-gnu/10/../../..]
    arg [-L/home/runner/work/UTBotCpp-test-project/UTBotCpp-test-project/utbot-release-2022.7.3/utbot_distr/install/bin/../lib] ==> dir [/home/runner/work/UTBotCpp-test-project/UTBotCpp-test-project/utbot-release-2022.7.3/utbot_distr/install/bin/../lib]
    arg [-L/lib] ==> dir [/lib]
    arg [-L/usr/lib] ==> dir [/usr/lib]
    arg [CMakeFiles/cmTC_2e99f.dir/CMakeCXXCompilerABI.cpp.o] ==> ignore
    arg [-lstdc++] ==> lib [stdc++]
    arg [-lm] ==> lib [m]
    arg [-lgcc_s] ==> lib [gcc_s]
    arg [-lgcc] ==> lib [gcc]
    arg [-lc] ==> lib [c]
    arg [-lgcc_s] ==> lib [gcc_s]
    arg [-lgcc] ==> lib [gcc]
    arg [/usr/lib/gcc/x86_64-linux-gnu/10/crtend.o] ==> obj [/usr/lib/gcc/x86_64-linux-gnu/10/crtend.o]
    arg [/usr/lib/gcc/x86_64-linux-gnu/10/../../../x86_64-linux-gnu/crtn.o] ==> obj [/usr/lib/gcc/x86_64-linux-gnu/10/../../../x86_64-linux-gnu/crtn.o]
  collapse obj [/usr/lib/gcc/x86_64-linux-gnu/10/../../../x86_64-linux-gnu/crt1.o] ==> [/usr/lib/x86_64-linux-gnu/crt1.o]
  collapse obj [/usr/lib/gcc/x86_64-linux-gnu/10/../../../x86_64-linux-gnu/crti.o] ==> [/usr/lib/x86_64-linux-gnu/crti.o]
  collapse obj [/usr/lib/gcc/x86_64-linux-gnu/10/../../../x86_64-linux-gnu/crtn.o] ==> [/usr/lib/x86_64-linux-gnu/crtn.o]
  collapse library dir [/usr/lib/gcc/x86_64-linux-gnu/10] ==> [/usr/lib/gcc/x86_64-linux-gnu/10]
  collapse library dir [/usr/lib/gcc/x86_64-linux-gnu/10/../../../x86_64-linux-gnu] ==> [/usr/lib/x86_64-linux-gnu]
  collapse library dir [/usr/lib/gcc/x86_64-linux-gnu/10/../../../../lib64] ==> [/usr/lib64]
  collapse library dir [/lib/x86_64-linux-gnu] ==> [/lib/x86_64-linux-gnu]
  collapse library dir [/lib/../lib64] ==> [/lib64]
  collapse library dir [/usr/lib/x86_64-linux-gnu] ==> [/usr/lib/x86_64-linux-gnu]
  collapse library dir [/usr/lib/../lib64] ==> [/usr/lib64]
  collapse library dir [/usr/lib/x86_64-linux-gnu/../../lib64] ==> [/usr/lib64]
  collapse library dir [/usr/lib/gcc/x86_64-linux-gnu/10/../../..] ==> [/usr/lib]
  collapse library dir [/home/runner/work/UTBotCpp-test-project/UTBotCpp-test-project/utbot-release-2022.7.3/utbot_distr/install/bin/../lib] ==> [/home/runner/work/UTBotCpp-test-project/UTBotCpp-test-project/utbot-release-2022.7.3/utbot_distr/install/lib]
  collapse library dir [/lib] ==> [/lib]
  collapse library dir [/usr/lib] ==> [/usr/lib]
  implicit libs: [stdc++;m;gcc_s;gcc;c;gcc_s;gcc]
  implicit objs: [/usr/lib/x86_64-linux-gnu/crt1.o;/usr/lib/x86_64-linux-gnu/crti.o;/usr/lib/gcc/x86_64-linux-gnu/10/crtbegin.o;/usr/lib/gcc/x86_64-linux-gnu/10/crtend.o;/usr/lib/x86_64-linux-gnu/crtn.o]
  implicit dirs: [/usr/lib/gcc/x86_64-linux-gnu/10;/usr/lib/x86_64-linux-gnu;/usr/lib64;/lib/x86_64-linux-gnu;/lib64;/usr/lib;/home/runner/work/UTBotCpp-test-project/UTBotCpp-test-project/utbot-release-2022.7.3/utbot_distr/install/lib;/lib]
  implicit fwks: []


